<?xml version="1.0" encoding="UTF-8"?>
<testsuite xmlns:xsi="http://www.w3.org/2001/XMLSchema-instance" xsi:noNamespaceSchemaLocation="https://maven.apache.org/surefire/maven-surefire-plugin/xsd/surefire-test-report.xsd" name="com.microservices.productservice.ProductServiceApplicationTests" time="16.786" tests="2" errors="0" skipped="0" failures="0">
  <properties>
[...]
</properties>
  <testcase name="shouldCreateProduct" classname="com.microservices.productservice.ProductServiceApplicationTests" time="1.005"/>
  <testcase name="shouldGetAllProducts" classname="com.microservices.productservice.ProductServiceApplicationTests" time="0.052"/>
</testsuite>